Watching for file changes with StatReloader
Watching for file changes with StatReloader
"GET /myapp/index/common/section HTTP/1.1" 200 4265
"GET /myapp/index/home/section HTTP/1.1" 200 4959
"GET /myapp/index/home/section HTTP/1.1" 200 4959
"GET /myapp/index/common/section HTTP/1.1" 200 4265
"GET /myapp/index/home/section HTTP/1.1" 200 4959
"GET /myapp/index/common/section HTTP/1.1" 200 4265
"GET /myapp/index/about/section HTTP/1.1" 200 4216
"GET /myapp/index/common/section HTTP/1.1" 200 4265
"GET /myapp/index/thing/section?page=1&pageSize=9&categoryId=41&searchQuery= HTTP/1.1" 200 2431
"GET /myapp/index/thing/section?page=1&pageSize=9 HTTP/1.1" 200 3521
"GET /myapp/index/home/section HTTP/1.1" 200 4959
Forbidden: /myapp/admin/overview/count
"GET /myapp/admin/overview/count?days=7 HTTP/1.0" 403 30
"GET /myapp/admin/overview/dataCount HTTP/1.0" 200 135
"GET /myapp/admin/basicGlobal/listInfo HTTP/1.0" 200 611
"POST /myapp/admin/adminLogin HTTP/1.0" 200 332
"GET /myapp/admin/overview/dataCount HTTP/1.0" 200 135
"GET /myapp/admin/overview/count?days=7 HTTP/1.0" 200 101
"GET /myapp/admin/thing/list?page=1&pageSize=10&keyword= HTTP/1.0" 200 41325
"GET /myapp/admin/category/list HTTP/1.0" 200 1141
"GET /myapp/admin/basicSite/list HTTP/1.0" 200 428
"GET /myapp/admin/basicTdk/list HTTP/1.0" 200 2470
"GET /myapp/admin/basicBanner/list HTTP/1.0" 200 272
"GET /myapp/admin/basicGlobal/list HTTP/1.0" 200 611
"GET /myapp/admin/basicAdditional/list HTTP/1.0" 200 2510
"GET /myapp/admin/advantage/list?page=1&pageSize=10 HTTP/1.0" 200 1546
"GET /myapp/admin/comment/list?page=1&pageSize=10 HTTP/1.0" 200 927
"GET /myapp/admin/basicSite/list HTTP/1.0" 200 428
"GET /myapp/admin/basicSite/list HTTP/1.0" 200 428
"GET /myapp/admin/basicSite/list HTTP/1.0" 200 428
"GET /myapp/admin/basicBanner/list HTTP/1.0" 200 272
"POST /myapp/admin/basicBanner/update HTTP/1.0" 200 272
"GET /myapp/admin/basicBanner/list HTTP/1.0" 200 272
"GET /myapp/admin/user/list HTTP/1.0" 200 708
"GET /myapp/admin/overview/count?days=7 HTTP/1.0" 200 101
"GET /myapp/admin/overview/dataCount HTTP/1.0" 200 135
"GET /myapp/admin/thing/list?page=1&pageSize=10&keyword= HTTP/1.0" 200 41325
"GET /myapp/admin/category/list HTTP/1.0" 200 1141
"GET /myapp/admin/overview/count?days=7 HTTP/1.0" 200 101
"GET /myapp/admin/overview/dataCount HTTP/1.0" 200 135
"GET /myapp/index/common/section HTTP/1.1" 200 4265
"GET /myapp/index/home/section HTTP/1.1" 200 4959
"GET /myapp/index/about/section HTTP/1.1" 200 4216
"GET /myapp/index/thing/section?page=1&pageSize=9&categoryId=41&searchQuery= HTTP/1.1" 200 2431
"GET /myapp/index/thing/section?page=1&pageSize=9 HTTP/1.1" 200 3521
"GET /myapp/index/contact/section HTTP/1.1" 200 1614
"GET /myapp/index/about/section HTTP/1.1" 200 4216
"GET /myapp/index/contact/section HTTP/1.1" 200 1614
"GET /myapp/index/home/section HTTP/1.1" 200 4959
"GET /myapp/index/thing/section?page=1&pageSize=9&searchQuery= HTTP/1.1" 200 3521
"GET /myapp/index/thing/section?page=1&pageSize=9 HTTP/1.1" 200 3521
